<?xml version="1.0" encoding="UTF-8"?>
<!-- Generated by org.testng.reporters.JUnitXMLReporter -->
<testsuite hostname="VINSYSLT0170" name="Default test(failed)" tests="2" failures="2" timestamp="21 Sep 2022 10:01:57 GMT" time="0.553" errors="0">
  <testcase name="test02" time="0.517" classname="StudyPrac.prac3">
    <failure type="java.lang.AssertionError" message="null">
      <![CDATA[java.lang.AssertionError: null
	at StudyPrac.prac3.test02(prac3.java:18)
... Removed 27 stack frames]]>
    </failure>
  </testcase> <!-- test02 -->
  <testcase name="test05" time="0.004" classname="StudyPrac.prac3">
    <failure type="java.lang.AssertionError" message="null">
      <![CDATA[java.lang.AssertionError: null
	at StudyPrac.prac3.test05(prac3.java:32)
... Removed 27 stack frames]]>
    </failure>
  </testcase> <!-- test05 -->
</testsuite> <!-- Default test(failed) -->
