<?xml version="1.0" encoding="UTF-8"?>
<!-- Generated by org.testng.reporters.JUnitXMLReporter -->
<testsuite hostname="VINSYSLT0170" name="Test" tests="10" failures="1" timestamp="15 Sep 2022 07:31:14 GMT" time="1.286" errors="0">
  <testcase name="test01" time="0.128" classname="com.makeMyTrip.prac3"/>
  <testcase name="test01" time="0.112" classname="com.makeMyTrip.prac3"/>
  <testcase name="test01" time="0.117" classname="com.makeMyTrip.prac3"/>
  <testcase name="test01" time="0.113" classname="com.makeMyTrip.prac3"/>
  <testcase name="test01" time="0.119" classname="com.makeMyTrip.prac3"/>
  <testcase name="test02" time="0.51" classname="com.makeMyTrip.prac3">
    <failure type="org.testng.internal.thread.ThreadTimeoutException" message="Method org.testng.internal.TestNGMethod.test02() didn&amp;apos;t finish within the time-out 500">
      <![CDATA[org.testng.internal.thread.ThreadTimeoutException: Method org.testng.internal.TestNGMethod.test02() didn't finish within the time-out 500
]]>
    </failure>
  </testcase> <!-- test02 -->
  <testcase name="test03" time="0.012" classname="com.makeMyTrip.prac3"/>
  <testcase name="test04" time="0.029" classname="com.makeMyTrip.prac3"/>
  <testcase name="test05" time="0.015" classname="com.makeMyTrip.prac3"/>
  <testcase name="test06" time="0.015" classname="com.makeMyTrip.prac3"/>
</testsuite> <!-- Test -->
