<?xml version="1.0" encoding="UTF-8"?>
<!-- Generated by org.testng.reporters.JUnitXMLReporter -->
<testsuite ignored="0" hostname="VINSYSLT0170" failures="1" tests="12" name="RetryFailTest" time="3.37" errors="0" timestamp="2023-01-17T18:30:35 IST">
  <testcase classname="Listener.RetryListenerClass" name="test01" time="0.129"/>
  <testcase classname="Listener.RetryListenerClass" name="test02" time="0.516">
    <skipped/>
  </testcase> <!-- test02 -->
  <testcase classname="Listener.RetryListenerClass" name="test02" time="0.522">
    <skipped/>
  </testcase> <!-- test02 -->
  <testcase classname="Listener.RetryListenerClass" name="test02" time="0.515">
    <skipped/>
  </testcase> <!-- test02 -->
  <testcase classname="Listener.RetryListenerClass" name="test02" time="0.512">
    <skipped/>
  </testcase> <!-- test02 -->
  <testcase classname="Listener.RetryListenerClass" name="test02" time="0.516">
    <skipped/>
  </testcase> <!-- test02 -->
  <testcase classname="Listener.RetryListenerClass" name="test02" time="0.514">
    <failure type="java.lang.AssertionError" message="null">
      <![CDATA[java.lang.AssertionError: null
at Listener.RetryListenerClass.test02(RetryListenerClass.java:24)
at java.base/java.util.ArrayList.forEach(ArrayList.java:1541)
... Removed 29 stack frames]]>
    </failure>
  </testcase> <!-- test02 -->
  <testcase classname="Listener.RetryListenerClass" name="test03" time="0.003"/>
  <testcase classname="Listener.RetryListenerClass" name="test04" time="0.002"/>
  <testcase classname="Listener.RetryListenerClass" name="test05" time="0.003"/>
  <testcase classname="Listener.RetryListenerClass" name="test06" time="0.002"/>
  <testcase classname="Listener.RetryListenerClass" name="test07" time="0.004"/>
</testsuite> <!-- RetryFailTest -->
