<?xml version="1.0" encoding="UTF-8"?>
<!-- Generated by org.testng.reporters.JUnitXMLReporter -->
<testsuite ignored="0" hostname="VINSYSLT0170" failures="2" tests="7" name="Test1" time="0.734" errors="0" timestamp="2023-01-03T17:02:20 IST">
  <testcase classname="Listener.RetryListenerClass" name="test01" time="0.133"/>
  <testcase classname="Listener.RetryListenerClass" name="test02" time="0.51">
    <failure type="java.lang.AssertionError" message="null">
      <![CDATA[java.lang.AssertionError: null
at Listener.RetryListenerClass.test02(RetryListenerClass.java:22)
at java.base/java.util.ArrayList.forEach(ArrayList.java:1541)
... Removed 29 stack frames]]>
    </failure>
  </testcase> <!-- test02 -->
  <testcase classname="Listener.RetryListenerClass" name="test03" time="0.002"/>
  <testcase classname="Listener.RetryListenerClass" name="test04" time="0.002"/>
  <testcase classname="Listener.RetryListenerClass" name="test05" time="0.003">
    <failure type="java.lang.AssertionError" message="null">
      <![CDATA[java.lang.AssertionError: null
at Listener.RetryListenerClass.test05(RetryListenerClass.java:38)
at java.base/java.util.ArrayList.forEach(ArrayList.java:1541)
... Removed 29 stack frames]]>
    </failure>
  </testcase> <!-- test05 -->
  <testcase classname="Listener.RetryListenerClass" name="test06" time="0.003"/>
  <testcase classname="Listener.RetryListenerClass" name="test07" time="0.002"/>
</testsuite> <!-- Test1 -->
