<?xml version="1.0" encoding="UTF-8"?>
<!-- Generated by org.testng.reporters.JUnitXMLReporter -->
<testsuite hostname="VINSYSLT0170" name="Test01" tests="3" failures="1" timestamp="4 Oct 2022 10:03:14 GMT" time="0.387" errors="0">
  <testcase name="loginTest" time="0.269" classname="StudyPrac.DemoListeners">
    <failure type="java.lang.IllegalStateException" message="The driver executable must exist: D:\TestScript\demoqa\chromedriver.exe">
      <![CDATA[java.lang.IllegalStateException: The driver executable must exist: D:\TestScript\demoqa\chromedriver.exe
	at org.openqa.selenium.internal.Require$FileStateChecker.isFile(Require.java:342)
	at org.openqa.selenium.remote.service.DriverService.checkExecutable(DriverService.java:147)
	at org.openqa.selenium.remote.service.DriverService.findExecutable(DriverService.java:142)
	at org.openqa.selenium.chrome.ChromeDriverService.access$000(ChromeDriverService.java:38)
	at org.openqa.selenium.chrome.ChromeDriverService$Builder.findDefaultExecutable(ChromeDriverService.java:231)
	at org.openqa.selenium.remote.service.DriverService$Builder.build(DriverService.java:437)
	at org.openqa.selenium.chrome.ChromeDriverService.createDefaultService(ChromeDriverService.java:127)
	at org.openqa.selenium.chrome.ChromeDriver.<init>(ChromeDriver.java:48)
	at StudyPrac.DemoListeners.loginTest(DemoListeners.java:22)
... Removed 25 stack frames]]>
    </failure>
  </testcase> <!-- loginTest -->
  <testcase name="verifyTitle" time="0.0" classname="StudyPrac.DemoListeners">
    <skipped/>
  </testcase> <!-- verifyTitle -->
  <testcase name="test03" time="0.013" classname="StudyPrac.DemoListeners"/>
</testsuite> <!-- Test01 -->
